
> autoqa@0.1.0 electron:build
> cross-env NODE_ENV=production npm run build && electron-builder


> autoqa@0.1.0 build
> next build

[baseline-browser-mapping] The data in this module is over two months old.  To ensure accurate Baseline data, please update: `npm i baseline-browser-mapping@latest -D`
   ▲ Next.js 16.0.4 (Turbopack)

   Creating an optimized production build ...
[baseline-browser-mapping] The data in this module is over two months old.  To ensure accurate Baseline data, please update: `npm i baseline-browser-mapping@latest -D`
 ✓ Compiled successfully in 4.8s
   Running TypeScript ...
   Collecting page data using 11 workers ...
[baseline-browser-mapping] The data in this module is over two months old.  To ensure accurate Baseline data, please update: `npm i baseline-browser-mapping@latest -D`
[baseline-browser-mapping] The data in this module is over two months old.  To ensure accurate Baseline data, please update: `npm i baseline-browser-mapping@latest -D`
[baseline-browser-mapping] The data in this module is over two months old.  To ensure accurate Baseline data, please update: `npm i baseline-browser-mapping@latest -D`
[baseline-browser-mapping] The data in this module is over two months old.  To ensure accurate Baseline data, please update: `npm i baseline-browser-mapping@latest -D`
[baseline-browser-mapping] The data in this module is over two months old.  To ensure accurate Baseline data, please update: `npm i baseline-browser-mapping@latest -D`
[baseline-browser-mapping] The data in this module is over two months old.  To ensure accurate Baseline data, please update: `npm i baseline-browser-mapping@latest -D`
   Generating static pages using 11 workers (0/6) ...
[baseline-browser-mapping] The data in this module is over two months old.  To ensure accurate Baseline data, please update: `npm i baseline-browser-mapping@latest -D`
   Generating static pages using 11 workers (1/6) 
   Generating static pages using 11 workers (2/6) 
   Generating static pages using 11 workers (4/6) 
 ✓ Generating static pages using 11 workers (6/6) in 2.1s
   Finalizing page optimization ...

Route (app)
┌ ○ /
├ ○ /_not-found
├ ƒ /api/analyze
└ ƒ /api/sitemap


○  (Static)   prerendered as static content
ƒ  (Dynamic)  server-rendered on demand

  • electron-builder  version=26.0.12 os=10.0.26100
  • loaded configuration  file=C:\Users\Diego\Documents\ORBIDI\_proyectos\autoqa\electron-builder.json
  • description is missed in the package.json  appPackageFile=C:\Users\Diego\Documents\ORBIDI\_proyectos\autoqa\package.json
  • author is missed in the package.json  appPackageFile=C:\Users\Diego\Documents\ORBIDI\_proyectos\autoqa\package.json
  • executing @electron/rebuild  electronVersion=39.2.7 arch=x64 buildFromSource=false appDir=./
  • installing native dependencies  arch=x64
  • completed installing native dependencies
  • packaging       platform=win32 arch=x64 electron=39.2.7 appOutDir=dist\win-unpacked
  ⨯ remove C:\Users\Diego\Documents\ORBIDI\_proyectos\autoqa\dist\win-unpacked\AutoQA.exe: Acceso denegado.
github.com/develar/go-fs-util.EnsureEmptyDir
	/Users/runner/go/pkg/mod/github.com/develar/go-fs-util@v0.0.0-20190620175131-69a2d4542206/fs.go:98
github.com/develar/app-builder/pkg/electron.UnpackElectron.func1.1
	/Users/runner/work/app-builder/app-builder/pkg/electron/electronUnpack.go:38
github.com/develar/app-builder/pkg/util.MapAsyncConcurrency.func2
	/Users/runner/work/app-builder/app-builder/pkg/util/async.go:68
runtime.goexit
	/Users/runner/hostedtoolcache/go/1.21.13/arm64/src/runtime/asm_amd64.s:1650  
  ⨯ C:\Users\Diego\Documents\ORBIDI\_proyectos\autoqa\node_modules\app-builder-bin\win\x64\app-builder.exe process failed ERR_ELECTRON_BUILDER_CANNOT_EXECUTE
Exit code:
1  failedTask=build stackTrace=Error: C:\Users\Diego\Documents\ORBIDI\_proyectos\autoqa\node_modules\app-builder-bin\win\x64\app-builder.exe process failed ERR_ELECTRON_BUILDER_CANNOT_EXECUTE
Exit code:
1
    at ChildProcess.<anonymous> (C:\Users\Diego\Documents\ORBIDI\_proyectos\autoqa\node_modules\builder-util\src\util.ts:259:14)
    at Object.onceWrapper (node:events:633:26)
    at ChildProcess.emit (node:events:518:28)
    at ChildProcess.cp.emit (C:\Users\Diego\Documents\ORBIDI\_proyectos\autoqa\node_modules\cross-spawn\lib\enoent.js:34:29)
    at maybeClose (node:internal/child_process:1101:16)
    at Process.ChildProcess._handle.onexit (node:internal/child_process:304:5)
